<?xml version="1.0" encoding="UTF-8"?>
<!-- Generated by org.testng.reporters.JUnitReportReporter -->
<testsuite skipped="0" hostname="Plivo-PC" name="org.plivo.examples.AppTest" tests="1" failures="0" timestamp="16 Feb 2019 08:44:29 GMT" time="41.995" errors="0">
  <testcase name="runTest" time="41.995" classname="org.plivo.examples.AppTest"/>
</testsuite> <!-- org.plivo.examples.AppTest -->
